<?xml version="1.0" encoding="UTF-8"?>
<!-- Generated by org.testng.reporters.JUnitReportReporter -->
<testsuite skipped="0" hostname="Mapletech" name="com.gitPractise.JenkinPractise2Test" tests="2" failures="0" timestamp="2023-03-13T12:29:14 IST" time="0.007" errors="0">
  <testcase name="test2" time="0.000" classname="com.gitPractise.JenkinPractise2Test"/>
  <system-out/>
  <testcase name="test1" time="0.007" classname="com.gitPractise.JenkinPractise2Test"/>
  <system-out/>
</testsuite> <!-- com.gitPractise.JenkinPractise2Test -->
