<?xml version="1.0" encoding="UTF-8"?>
<!-- Generated by org.testng.reporters.JUnitReportReporter -->
<testsuite skipped="0" hostname="Mapletech" name="com.gitPractise.JenkinPractise1Test" tests="2" failures="0" timestamp="2023-03-13T11:29:33 IST" time="0.001" errors="0">
  <testcase name="test1" time="0.001" classname="com.gitPractise.JenkinPractise1Test"/>
  <system-out/>
  <testcase name="test2" time="0.000" classname="com.gitPractise.JenkinPractise1Test"/>
  <system-out/>
</testsuite> <!-- com.gitPractise.JenkinPractise1Test -->
